<?xml version="1.0" encoding="UTF-8"?>
<testsuite name="com.unrc.app.OwnerTest" time="0.175" tests="5" errors="5" skipped="0" failures="0">
  <properties>
[...]
</properties>
  <testcase name="testEliminar" classname="com.unrc.app.OwnerTest" time="0.049">
    <error type="java.lang.NullPointerException:">java.lang.NullPointerException: null
	at com.unrc.app.Dueño.insertar(Dueño.java:20)
	at com.unrc.app.OwnerTest.testEliminar(OwnerTest.java:120)
</error>
    <system-out>eliminar 1
</system-out>
  </testcase>
  <testcase name="testModificar" classname="com.unrc.app.OwnerTest" time="0.025">
    <error type="java.lang.NullPointerException:">java.lang.NullPointerException: null
	at com.unrc.app.Dueño.insertar(Dueño.java:20)
	at com.unrc.app.OwnerTest.testModificar(OwnerTest.java:155)
</error>
    <system-out>modificar 1
</system-out>
  </testcase>
  <testcase name="testInsertar1" classname="com.unrc.app.OwnerTest" time="0.026">
    <error type="java.lang.NullPointerException:">java.lang.NullPointerException: null
	at com.unrc.app.Dueño.insertar(Dueño.java:20)
	at com.unrc.app.OwnerTest.testInsertar1(OwnerTest.java:40)
</error>
    <system-out>insertar 1
</system-out>
  </testcase>
  <testcase name="testInsertar2" classname="com.unrc.app.OwnerTest" time="0.028">
    <error type="java.lang.NullPointerException:">java.lang.NullPointerException: null
	at com.unrc.app.Dueño.insertar(Dueño.java:20)
	at com.unrc.app.OwnerTest.testInsertar2(OwnerTest.java:65)
</error>
    <system-out>insertar 2
</system-out>
  </testcase>
  <testcase name="testInsertar3" classname="com.unrc.app.OwnerTest" time="0.047">
    <error type="java.lang.NullPointerException:">java.lang.NullPointerException: null
	at com.unrc.app.Dueño.insertar(Dueño.java:20)
	at com.unrc.app.OwnerTest.testInsertar3(OwnerTest.java:91)
</error>
    <system-out>insertar 3
</system-out>
  </testcase>
</testsuite>